2025-01-06 15:36:53 - Starting TodoManagementSpringBootApplicationTests using Java 17.0.10 with PID 8768 (started by hbapp in D:\Development\SpringBoot\Project\todo-management-spring-boot)
2025-01-06 15:36:53 - No active profile set, falling back to 1 default profile: "default"
2025-01-06 15:36:54 - HHH000204: Processing PersistenceUnitInfo [name: default]
2025-01-06 15:36:55 - HHH000412: Hibernate ORM core version 6.6.2.Final
2025-01-06 15:36:55 - HHH000026: Second-level cache disabled
2025-01-06 15:36:55 - HikariPool-1 - Starting...
2025-01-06 15:36:55 - HikariPool-1 - Added connection com.mysql.cj.jdbc.ConnectionImpl@1f60824e
2025-01-06 15:36:55 - HikariPool-1 - Start completed.
2025-01-06 15:36:55 - HHH000511: The 5.5.5 version for [org.hibernate.dialect.MySQLDialect] is no longer supported, hence certain features may not work properly. The minimum supported version is 8.0.0. Check the community dialects project for available legacy versions.
2025-01-06 15:36:55 - HHH90000025: MySQLDialect does not need to be specified explicitly using 'hibernate.dialect' (remove the property setting and it will be selected by default)
2025-01-06 15:36:55 - HHH10001005: Database info:
	Database JDBC URL [Connecting through datasource 'HikariDataSource (HikariPool-1)']
	Database driver: undefined/unknown
	Database version: 5.5.5
	Autocommit mode: undefined/unknown
	Isolation level: undefined/unknown
	Minimum pool size: undefined/unknown
	Maximum pool size: undefined/unknown
2025-01-06 15:36:56 - HHH000489: No JTA platform available (set 'hibernate.transaction.jta.platform' to enable JTA platform integration)
2025-01-06 15:36:59 - Started TodoManagementSpringBootApplicationTests in 6.029 seconds (process running for 6.976)
2025-01-06 15:36:59 - HikariPool-1 - Shutdown initiated...
2025-01-06 15:36:59 - HikariPool-1 - Shutdown completed.
2025-01-06 15:39:18 - Starting TodoManagementSpringBootApplicationTests using Java 17.0.10 with PID 18028 (started by hbapp in D:\Development\SpringBoot\Project\todo-management-spring-boot)
2025-01-06 15:39:18 - No active profile set, falling back to 1 default profile: "default"
2025-01-06 15:39:20 - HHH000204: Processing PersistenceUnitInfo [name: default]
2025-01-06 15:39:20 - HHH000412: Hibernate ORM core version 6.6.2.Final
2025-01-06 15:39:20 - HHH000026: Second-level cache disabled
2025-01-06 15:39:20 - HikariPool-1 - Starting...
2025-01-06 15:39:20 - HikariPool-1 - Added connection com.mysql.cj.jdbc.ConnectionImpl@2e93108a
2025-01-06 15:39:20 - HikariPool-1 - Start completed.
2025-01-06 15:39:20 - HHH000511: The 5.5.5 version for [org.hibernate.dialect.MySQLDialect] is no longer supported, hence certain features may not work properly. The minimum supported version is 8.0.0. Check the community dialects project for available legacy versions.
2025-01-06 15:39:20 - HHH90000025: MySQLDialect does not need to be specified explicitly using 'hibernate.dialect' (remove the property setting and it will be selected by default)
2025-01-06 15:39:21 - HHH10001005: Database info:
	Database JDBC URL [Connecting through datasource 'HikariDataSource (HikariPool-1)']
	Database driver: undefined/unknown
	Database version: 5.5.5
	Autocommit mode: undefined/unknown
	Isolation level: undefined/unknown
	Minimum pool size: undefined/unknown
	Maximum pool size: undefined/unknown
2025-01-06 15:39:22 - HHH000489: No JTA platform available (set 'hibernate.transaction.jta.platform' to enable JTA platform integration)
2025-01-06 15:39:24 - Started TodoManagementSpringBootApplicationTests in 6.511 seconds (process running for 10.033)
2025-01-06 15:39:25 - HikariPool-1 - Shutdown initiated...
2025-01-06 15:39:25 - HikariPool-1 - Shutdown completed.
2025-01-06 15:40:50 - Starting TodoManagementSpringBootApplicationTests using Java 17.0.10 with PID 7220 (started by hbapp in D:\Development\SpringBoot\Project\todo-management-spring-boot)
2025-01-06 15:40:50 - No active profile set, falling back to 1 default profile: "default"
2025-01-06 15:40:52 - HHH000204: Processing PersistenceUnitInfo [name: default]
2025-01-06 15:40:52 - HHH000412: Hibernate ORM core version 6.6.2.Final
2025-01-06 15:40:52 - HHH000026: Second-level cache disabled
2025-01-06 15:40:52 - HikariPool-1 - Starting...
2025-01-06 15:40:52 - HikariPool-1 - Added connection com.mysql.cj.jdbc.ConnectionImpl@fe08eaf
2025-01-06 15:40:52 - HikariPool-1 - Start completed.
2025-01-06 15:40:52 - HHH000511: The 5.5.5 version for [org.hibernate.dialect.MySQLDialect] is no longer supported, hence certain features may not work properly. The minimum supported version is 8.0.0. Check the community dialects project for available legacy versions.
2025-01-06 15:40:52 - HHH90000025: MySQLDialect does not need to be specified explicitly using 'hibernate.dialect' (remove the property setting and it will be selected by default)
2025-01-06 15:40:52 - HHH10001005: Database info:
	Database JDBC URL [Connecting through datasource 'HikariDataSource (HikariPool-1)']
	Database driver: undefined/unknown
	Database version: 5.5.5
	Autocommit mode: undefined/unknown
	Isolation level: undefined/unknown
	Minimum pool size: undefined/unknown
	Maximum pool size: undefined/unknown
2025-01-06 15:40:53 - HHH000489: No JTA platform available (set 'hibernate.transaction.jta.platform' to enable JTA platform integration)
2025-01-06 15:40:55 - Started TodoManagementSpringBootApplicationTests in 5.526 seconds (process running for 6.701)
2025-01-06 15:40:56 - HikariPool-1 - Shutdown initiated...
2025-01-06 15:40:56 - HikariPool-1 - Shutdown completed.
2025-01-06 15:59:57 - Starting TodoManagementSpringBootApplication using Java 17.0.10 with PID 14396 (D:\Development\SpringBoot\Project\todo-management-spring-boot\target\classes started by hbapp in D:\Development\SpringBoot\Project\todo-management-spring-boot)
2025-01-06 15:59:57 - No active profile set, falling back to 1 default profile: "default"
2025-01-06 15:59:58 - Initializing ProtocolHandler ["http-nio-8080"]
2025-01-06 15:59:58 - Starting service [Tomcat]
2025-01-06 15:59:58 - Starting Servlet engine: [Apache Tomcat/10.1.33]
2025-01-06 15:59:58 - Initializing Spring embedded WebApplicationContext
2025-01-06 15:59:59 - HHH000204: Processing PersistenceUnitInfo [name: default]
2025-01-06 15:59:59 - HHH000412: Hibernate ORM core version 6.6.2.Final
2025-01-06 15:59:59 - HHH000026: Second-level cache disabled
2025-01-06 15:59:59 - HikariPool-1 - Starting...
2025-01-06 15:59:59 - HikariPool-1 - Added connection com.mysql.cj.jdbc.ConnectionImpl@33ba4c56
2025-01-06 15:59:59 - HikariPool-1 - Start completed.
2025-01-06 15:59:59 - HHH000511: The 5.5.5 version for [org.hibernate.dialect.MySQLDialect] is no longer supported, hence certain features may not work properly. The minimum supported version is 8.0.0. Check the community dialects project for available legacy versions.
2025-01-06 15:59:59 - HHH90000025: MySQLDialect does not need to be specified explicitly using 'hibernate.dialect' (remove the property setting and it will be selected by default)
2025-01-06 15:59:59 - HHH10001005: Database info:
	Database JDBC URL [Connecting through datasource 'HikariDataSource (HikariPool-1)']
	Database driver: undefined/unknown
	Database version: 5.5.5
	Autocommit mode: undefined/unknown
	Isolation level: undefined/unknown
	Minimum pool size: undefined/unknown
	Maximum pool size: undefined/unknown
2025-01-06 16:00:00 - HHH000489: No JTA platform available (set 'hibernate.transaction.jta.platform' to enable JTA platform integration)
2025-01-06 16:00:02 - Starting ProtocolHandler ["http-nio-8080"]
2025-01-06 16:00:02 - Started TodoManagementSpringBootApplication in 5.093 seconds (process running for 5.477)
2025-01-06 16:02:05 - Starting TodoManagementSpringBootApplicationTests using Java 17.0.10 with PID 20620 (started by hbapp in D:\Development\SpringBoot\Project\todo-management-spring-boot)
2025-01-06 16:02:05 - No active profile set, falling back to 1 default profile: "default"
2025-01-06 16:02:07 - HHH000204: Processing PersistenceUnitInfo [name: default]
2025-01-06 16:02:07 - HHH000412: Hibernate ORM core version 6.6.2.Final
2025-01-06 16:02:07 - HHH000026: Second-level cache disabled
2025-01-06 16:02:07 - HikariPool-1 - Starting...
2025-01-06 16:02:08 - HikariPool-1 - Added connection com.mysql.cj.jdbc.ConnectionImpl@d180961
2025-01-06 16:02:08 - HikariPool-1 - Start completed.
2025-01-06 16:02:08 - HHH000511: The 5.5.5 version for [org.hibernate.dialect.MySQLDialect] is no longer supported, hence certain features may not work properly. The minimum supported version is 8.0.0. Check the community dialects project for available legacy versions.
2025-01-06 16:02:08 - HHH90000025: MySQLDialect does not need to be specified explicitly using 'hibernate.dialect' (remove the property setting and it will be selected by default)
2025-01-06 16:02:08 - HHH10001005: Database info:
	Database JDBC URL [Connecting through datasource 'HikariDataSource (HikariPool-1)']
	Database driver: undefined/unknown
	Database version: 5.5.5
	Autocommit mode: undefined/unknown
	Isolation level: undefined/unknown
	Minimum pool size: undefined/unknown
	Maximum pool size: undefined/unknown
2025-01-06 16:02:09 - HHH000489: No JTA platform available (set 'hibernate.transaction.jta.platform' to enable JTA platform integration)
2025-01-06 16:02:11 - Started TodoManagementSpringBootApplicationTests in 6.193 seconds (process running for 7.278)
2025-01-06 16:02:12 - HikariPool-1 - Shutdown initiated...
2025-01-06 16:02:12 - HikariPool-1 - Shutdown completed.
2025-01-06 16:02:22 - Starting TodoManagementSpringBootApplication using Java 17.0.10 with PID 8272 (D:\Development\SpringBoot\Project\todo-management-spring-boot\target\classes started by hbapp in D:\Development\SpringBoot\Project\todo-management-spring-boot)
2025-01-06 16:02:22 - No active profile set, falling back to 1 default profile: "default"
2025-01-06 16:02:23 - Initializing ProtocolHandler ["http-nio-8080"]
2025-01-06 16:02:23 - Starting service [Tomcat]
2025-01-06 16:02:23 - Starting Servlet engine: [Apache Tomcat/10.1.33]
2025-01-06 16:02:23 - Initializing Spring embedded WebApplicationContext
2025-01-06 16:02:23 - HHH000204: Processing PersistenceUnitInfo [name: default]
2025-01-06 16:02:23 - HHH000412: Hibernate ORM core version 6.6.2.Final
2025-01-06 16:02:23 - HHH000026: Second-level cache disabled
2025-01-06 16:02:23 - HikariPool-1 - Starting...
2025-01-06 16:02:23 - HikariPool-1 - Added connection com.mysql.cj.jdbc.ConnectionImpl@2984ef9a
2025-01-06 16:02:23 - HikariPool-1 - Start completed.
2025-01-06 16:02:23 - HHH000511: The 5.5.5 version for [org.hibernate.dialect.MySQLDialect] is no longer supported, hence certain features may not work properly. The minimum supported version is 8.0.0. Check the community dialects project for available legacy versions.
2025-01-06 16:02:23 - HHH90000025: MySQLDialect does not need to be specified explicitly using 'hibernate.dialect' (remove the property setting and it will be selected by default)
2025-01-06 16:02:23 - HHH10001005: Database info:
	Database JDBC URL [Connecting through datasource 'HikariDataSource (HikariPool-1)']
	Database driver: undefined/unknown
	Database version: 5.5.5
	Autocommit mode: undefined/unknown
	Isolation level: undefined/unknown
	Minimum pool size: undefined/unknown
	Maximum pool size: undefined/unknown
2025-01-06 16:02:24 - HHH000489: No JTA platform available (set 'hibernate.transaction.jta.platform' to enable JTA platform integration)
2025-01-06 16:02:26 - Starting ProtocolHandler ["http-nio-8080"]
2025-01-06 16:02:26 - Started TodoManagementSpringBootApplication in 4.38 seconds (process running for 4.694)
2025-01-06 16:19:45 - Pausing ProtocolHandler ["http-nio-8080"]
2025-01-06 16:19:45 - Stopping ProtocolHandler ["http-nio-8080"]
2025-01-06 16:19:45 - HikariPool-1 - Shutdown initiated...
2025-01-06 16:19:45 - HikariPool-1 - Shutdown completed.
2025-01-06 16:19:45 - Starting TodoManagementSpringBootApplication using Java 17.0.10 with PID 8272 (D:\Development\SpringBoot\Project\todo-management-spring-boot\target\classes started by hbapp in D:\Development\SpringBoot\Project\todo-management-spring-boot)
2025-01-06 16:19:45 - No active profile set, falling back to 1 default profile: "default"
2025-01-06 16:19:45 - Initializing ProtocolHandler ["http-nio-8080"]
2025-01-06 16:19:45 - Starting service [Tomcat]
2025-01-06 16:19:45 - Starting Servlet engine: [Apache Tomcat/10.1.33]
2025-01-06 16:19:45 - Initializing Spring embedded WebApplicationContext
2025-01-06 16:19:45 - HHH000204: Processing PersistenceUnitInfo [name: default]
2025-01-06 16:19:45 - HHH000026: Second-level cache disabled
2025-01-06 16:19:45 - HikariPool-2 - Starting...
2025-01-06 16:19:45 - HikariPool-2 - Added connection com.mysql.cj.jdbc.ConnectionImpl@38952361
2025-01-06 16:19:45 - HikariPool-2 - Start completed.
2025-01-06 16:19:45 - HHH000511: The 5.5.5 version for [org.hibernate.dialect.MySQLDialect] is no longer supported, hence certain features may not work properly. The minimum supported version is 8.0.0. Check the community dialects project for available legacy versions.
2025-01-06 16:19:45 - HHH90000025: MySQLDialect does not need to be specified explicitly using 'hibernate.dialect' (remove the property setting and it will be selected by default)
2025-01-06 16:19:45 - HHH10001005: Database info:
	Database JDBC URL [Connecting through datasource 'HikariDataSource (HikariPool-2)']
	Database driver: undefined/unknown
	Database version: 5.5.5
	Autocommit mode: undefined/unknown
	Isolation level: undefined/unknown
	Minimum pool size: undefined/unknown
	Maximum pool size: undefined/unknown
2025-01-06 16:19:45 - HHH000489: No JTA platform available (set 'hibernate.transaction.jta.platform' to enable JTA platform integration)
2025-01-06 16:19:46 - Starting ProtocolHandler ["http-nio-8080"]
2025-01-06 16:19:46 - Started TodoManagementSpringBootApplication in 0.751 seconds (process running for 1044.732)
2025-01-06 16:19:47 - Pausing ProtocolHandler ["http-nio-8080"]
2025-01-06 16:19:47 - Stopping ProtocolHandler ["http-nio-8080"]
2025-01-06 16:19:47 - HikariPool-2 - Shutdown initiated...
2025-01-06 16:19:47 - HikariPool-2 - Shutdown completed.
2025-01-06 16:19:47 - Starting TodoManagementSpringBootApplication using Java 17.0.10 with PID 8272 (D:\Development\SpringBoot\Project\todo-management-spring-boot\target\classes started by hbapp in D:\Development\SpringBoot\Project\todo-management-spring-boot)
2025-01-06 16:19:47 - No active profile set, falling back to 1 default profile: "default"
2025-01-06 16:19:47 - Initializing ProtocolHandler ["http-nio-8080"]
2025-01-06 16:19:47 - Starting service [Tomcat]
2025-01-06 16:19:47 - Starting Servlet engine: [Apache Tomcat/10.1.33]
2025-01-06 16:19:48 - Initializing Spring embedded WebApplicationContext
2025-01-06 16:19:48 - HHH000204: Processing PersistenceUnitInfo [name: default]
2025-01-06 16:19:48 - HHH000026: Second-level cache disabled
2025-01-06 16:19:48 - HikariPool-3 - Starting...
2025-01-06 16:19:48 - HikariPool-3 - Added connection com.mysql.cj.jdbc.ConnectionImpl@2535c45c
2025-01-06 16:19:48 - HikariPool-3 - Start completed.
2025-01-06 16:19:48 - HHH000511: The 5.5.5 version for [org.hibernate.dialect.MySQLDialect] is no longer supported, hence certain features may not work properly. The minimum supported version is 8.0.0. Check the community dialects project for available legacy versions.
2025-01-06 16:19:48 - HHH90000025: MySQLDialect does not need to be specified explicitly using 'hibernate.dialect' (remove the property setting and it will be selected by default)
2025-01-06 16:19:48 - HHH10001005: Database info:
	Database JDBC URL [Connecting through datasource 'HikariDataSource (HikariPool-3)']
	Database driver: undefined/unknown
	Database version: 5.5.5
	Autocommit mode: undefined/unknown
	Isolation level: undefined/unknown
	Minimum pool size: undefined/unknown
	Maximum pool size: undefined/unknown
2025-01-06 16:19:48 - HHH000489: No JTA platform available (set 'hibernate.transaction.jta.platform' to enable JTA platform integration)
2025-01-06 16:19:48 - Starting ProtocolHandler ["http-nio-8080"]
2025-01-06 16:19:48 - Started TodoManagementSpringBootApplication in 0.695 seconds (process running for 1047.045)
2025-01-06 16:20:05 - Pausing ProtocolHandler ["http-nio-8080"]
2025-01-06 16:20:05 - Stopping ProtocolHandler ["http-nio-8080"]
2025-01-06 16:20:05 - HikariPool-3 - Shutdown initiated...
2025-01-06 16:20:05 - HikariPool-3 - Shutdown completed.
2025-01-06 16:20:05 - Starting TodoManagementSpringBootApplication using Java 17.0.10 with PID 8272 (D:\Development\SpringBoot\Project\todo-management-spring-boot\target\classes started by hbapp in D:\Development\SpringBoot\Project\todo-management-spring-boot)
2025-01-06 16:20:05 - No active profile set, falling back to 1 default profile: "default"
2025-01-06 16:20:05 - Bootstrapping Spring Data JPA repositories in DEFAULT mode.
2025-01-06 16:20:05 - Finished Spring Data repository scanning in 10 ms. Found 6 JPA repository interfaces.
2025-01-06 16:20:05 - Tomcat initialized with port 8080 (http)
2025-01-06 16:20:05 - Initializing ProtocolHandler ["http-nio-8080"]
2025-01-06 16:20:05 - Starting service [Tomcat]
2025-01-06 16:20:05 - Starting Servlet engine: [Apache Tomcat/10.1.33]
2025-01-06 16:20:05 - Initializing Spring embedded WebApplicationContext
2025-01-06 16:20:05 - Root WebApplicationContext: initialization completed in 202 ms
2025-01-06 16:20:05 - HHH000204: Processing PersistenceUnitInfo [name: default]
2025-01-06 16:20:05 - HHH000026: Second-level cache disabled
2025-01-06 16:20:05 - No LoadTimeWeaver setup: ignoring JPA class transformer
2025-01-06 16:20:05 - HikariPool-4 - Starting...
2025-01-06 16:20:05 - HikariPool-4 - Added connection com.mysql.cj.jdbc.ConnectionImpl@395e9343
2025-01-06 16:20:05 - HikariPool-4 - Start completed.
2025-01-06 16:20:05 - HHH000511: The 5.5.5 version for [org.hibernate.dialect.MySQLDialect] is no longer supported, hence certain features may not work properly. The minimum supported version is 8.0.0. Check the community dialects project for available legacy versions.
2025-01-06 16:20:05 - HHH90000025: MySQLDialect does not need to be specified explicitly using 'hibernate.dialect' (remove the property setting and it will be selected by default)
2025-01-06 16:20:05 - HHH10001005: Database info:
	Database JDBC URL [Connecting through datasource 'HikariDataSource (HikariPool-4)']
	Database driver: undefined/unknown
	Database version: 5.5.5
	Autocommit mode: undefined/unknown
	Isolation level: undefined/unknown
	Minimum pool size: undefined/unknown
	Maximum pool size: undefined/unknown
2025-01-06 16:20:05 - HHH000489: No JTA platform available (set 'hibernate.transaction.jta.platform' to enable JTA platform integration)
2025-01-06 16:20:05 - Initialized JPA EntityManagerFactory for persistence unit 'default'
2025-01-06 16:20:05 - spring.jpa.open-in-view is enabled by default. Therefore, database queries may be performed during view rendering. Explicitly configure spring.jpa.open-in-view to disable this warning
2025-01-06 16:20:05 - Global AuthenticationManager configured with UserDetailsService bean with name userDetailsService
2025-01-06 16:20:05 - LiveReload server is running on port 35729
2025-01-06 16:20:05 - Starting ProtocolHandler ["http-nio-8080"]
2025-01-06 16:20:05 - Tomcat started on port 8080 (http) with context path '/'
2025-01-06 16:20:05 - Started TodoManagementSpringBootApplication in 0.68 seconds (process running for 1064.568)
2025-01-06 16:20:06 - Condition evaluation unchanged
2025-01-06 16:20:08 - Restarting due to 1 class path change (0 additions, 0 deletions, 1 modification)
2025-01-06 16:20:08 - Commencing graceful shutdown. Waiting for active requests to complete
2025-01-06 16:20:08 - Pausing ProtocolHandler ["http-nio-8080"]
2025-01-06 16:20:08 - Graceful shutdown complete
2025-01-06 16:20:08 - Stopping ProtocolHandler ["http-nio-8080"]
2025-01-06 16:20:08 - Closing JPA EntityManagerFactory for persistence unit 'default'
2025-01-06 16:20:08 - HikariPool-4 - Shutdown initiated...
2025-01-06 16:20:08 - HikariPool-4 - Shutdown completed.
2025-01-06 16:20:08 - Starting TodoManagementSpringBootApplication using Java 17.0.10 with PID 8272 (D:\Development\SpringBoot\Project\todo-management-spring-boot\target\classes started by hbapp in D:\Development\SpringBoot\Project\todo-management-spring-boot)
2025-01-06 16:20:08 - No active profile set, falling back to 1 default profile: "default"
2025-01-06 16:20:08 - Initializing ProtocolHandler ["http-nio-8080"]
2025-01-06 16:20:08 - Starting service [Tomcat]
2025-01-06 16:20:08 - Starting Servlet engine: [Apache Tomcat/10.1.33]
2025-01-06 16:20:08 - Initializing Spring embedded WebApplicationContext
2025-01-06 16:20:08 - HHH000204: Processing PersistenceUnitInfo [name: default]
2025-01-06 16:20:08 - HHH000026: Second-level cache disabled
2025-01-06 16:20:08 - HikariPool-5 - Starting...
2025-01-06 16:20:08 - HikariPool-5 - Added connection com.mysql.cj.jdbc.ConnectionImpl@67049f
2025-01-06 16:20:08 - HikariPool-5 - Start completed.
2025-01-06 16:20:08 - HHH000511: The 5.5.5 version for [org.hibernate.dialect.MySQLDialect] is no longer supported, hence certain features may not work properly. The minimum supported version is 8.0.0. Check the community dialects project for available legacy versions.
2025-01-06 16:20:08 - HHH90000025: MySQLDialect does not need to be specified explicitly using 'hibernate.dialect' (remove the property setting and it will be selected by default)
2025-01-06 16:20:08 - HHH10001005: Database info:
	Database JDBC URL [Connecting through datasource 'HikariDataSource (HikariPool-5)']
	Database driver: undefined/unknown
	Database version: 5.5.5
	Autocommit mode: undefined/unknown
	Isolation level: undefined/unknown
	Minimum pool size: undefined/unknown
	Maximum pool size: undefined/unknown
2025-01-06 16:20:08 - HHH000489: No JTA platform available (set 'hibernate.transaction.jta.platform' to enable JTA platform integration)
2025-01-06 16:20:09 - Starting ProtocolHandler ["http-nio-8080"]
2025-01-06 16:20:09 - Started TodoManagementSpringBootApplication in 0.633 seconds (process running for 1067.811)
2025-01-06 16:20:44 - Pausing ProtocolHandler ["http-nio-8080"]
2025-01-06 16:20:44 - Stopping ProtocolHandler ["http-nio-8080"]
2025-01-06 16:20:44 - HikariPool-5 - Shutdown initiated...
2025-01-06 16:20:44 - HikariPool-5 - Shutdown completed.
2025-01-06 16:20:44 - Starting TodoManagementSpringBootApplication using Java 17.0.10 with PID 8272 (D:\Development\SpringBoot\Project\todo-management-spring-boot\target\classes started by hbapp in D:\Development\SpringBoot\Project\todo-management-spring-boot)
2025-01-06 16:20:44 - No active profile set, falling back to 1 default profile: "default"
2025-01-06 16:20:44 - Initializing ProtocolHandler ["http-nio-8080"]
2025-01-06 16:20:44 - Starting service [Tomcat]
2025-01-06 16:20:44 - Starting Servlet engine: [Apache Tomcat/10.1.33]
2025-01-06 16:20:44 - Initializing Spring embedded WebApplicationContext
2025-01-06 16:20:44 - HHH000204: Processing PersistenceUnitInfo [name: default]
2025-01-06 16:20:44 - HHH000026: Second-level cache disabled
2025-01-06 16:20:44 - HikariPool-6 - Starting...
2025-01-06 16:20:44 - HikariPool-6 - Added connection com.mysql.cj.jdbc.ConnectionImpl@7d78000b
2025-01-06 16:20:44 - HikariPool-6 - Start completed.
2025-01-06 16:20:44 - HHH000511: The 5.5.5 version for [org.hibernate.dialect.MySQLDialect] is no longer supported, hence certain features may not work properly. The minimum supported version is 8.0.0. Check the community dialects project for available legacy versions.
2025-01-06 16:20:44 - HHH90000025: MySQLDialect does not need to be specified explicitly using 'hibernate.dialect' (remove the property setting and it will be selected by default)
2025-01-06 16:20:44 - HHH10001005: Database info:
	Database JDBC URL [Connecting through datasource 'HikariDataSource (HikariPool-6)']
	Database driver: undefined/unknown
	Database version: 5.5.5
	Autocommit mode: undefined/unknown
	Isolation level: undefined/unknown
	Minimum pool size: undefined/unknown
	Maximum pool size: undefined/unknown
2025-01-06 16:20:45 - Starting ProtocolHandler ["http-nio-8080"]
2025-01-06 16:20:45 - Started TodoManagementSpringBootApplication in 0.734 seconds (process running for 1103.709)
2025-01-06 16:20:46 - Pausing ProtocolHandler ["http-nio-8080"]
2025-01-06 16:20:46 - Stopping ProtocolHandler ["http-nio-8080"]
2025-01-06 16:20:46 - HikariPool-6 - Shutdown initiated...
2025-01-06 16:20:46 - HikariPool-6 - Shutdown completed.
2025-01-06 16:20:46 - Starting TodoManagementSpringBootApplication using Java 17.0.10 with PID 8272 (D:\Development\SpringBoot\Project\todo-management-spring-boot\target\classes started by hbapp in D:\Development\SpringBoot\Project\todo-management-spring-boot)
2025-01-06 16:20:46 - No active profile set, falling back to 1 default profile: "default"
2025-01-06 16:20:46 - Initializing ProtocolHandler ["http-nio-8080"]
2025-01-06 16:20:46 - Starting service [Tomcat]
2025-01-06 16:20:46 - Starting Servlet engine: [Apache Tomcat/10.1.33]
2025-01-06 16:20:46 - Initializing Spring embedded WebApplicationContext
2025-01-06 16:20:46 - HHH000204: Processing PersistenceUnitInfo [name: default]
2025-01-06 16:20:46 - HHH000026: Second-level cache disabled
2025-01-06 16:20:46 - HikariPool-7 - Starting...
2025-01-06 16:20:46 - HikariPool-7 - Added connection com.mysql.cj.jdbc.ConnectionImpl@2c937f71
2025-01-06 16:20:46 - HikariPool-7 - Start completed.
2025-01-06 16:20:46 - HHH000511: The 5.5.5 version for [org.hibernate.dialect.MySQLDialect] is no longer supported, hence certain features may not work properly. The minimum supported version is 8.0.0. Check the community dialects project for available legacy versions.
2025-01-06 16:20:46 - HHH90000025: MySQLDialect does not need to be specified explicitly using 'hibernate.dialect' (remove the property setting and it will be selected by default)
2025-01-06 16:20:46 - HHH10001005: Database info:
	Database JDBC URL [Connecting through datasource 'HikariDataSource (HikariPool-7)']
	Database driver: undefined/unknown
	Database version: 5.5.5
	Autocommit mode: undefined/unknown
	Isolation level: undefined/unknown
	Minimum pool size: undefined/unknown
	Maximum pool size: undefined/unknown
2025-01-06 16:20:47 - Starting ProtocolHandler ["http-nio-8080"]
2025-01-06 16:20:47 - Started TodoManagementSpringBootApplication in 0.62 seconds (process running for 1105.916)
2025-01-06 16:21:29 - Pausing ProtocolHandler ["http-nio-8080"]
2025-01-06 16:21:29 - Stopping ProtocolHandler ["http-nio-8080"]
2025-01-06 16:21:29 - HikariPool-7 - Shutdown initiated...
2025-01-06 16:21:29 - HikariPool-7 - Shutdown completed.
2025-01-06 16:21:29 - Starting TodoManagementSpringBootApplication using Java 17.0.10 with PID 8272 (D:\Development\SpringBoot\Project\todo-management-spring-boot\target\classes started by hbapp in D:\Development\SpringBoot\Project\todo-management-spring-boot)
2025-01-06 16:21:29 - No active profile set, falling back to 1 default profile: "default"
2025-01-06 16:21:29 - Initializing ProtocolHandler ["http-nio-8080"]
2025-01-06 16:21:29 - Starting service [Tomcat]
2025-01-06 16:21:29 - Starting Servlet engine: [Apache Tomcat/10.1.33]
2025-01-06 16:21:29 - Initializing Spring embedded WebApplicationContext
2025-01-06 16:21:29 - HHH000204: Processing PersistenceUnitInfo [name: default]
2025-01-06 16:21:29 - HHH000026: Second-level cache disabled
2025-01-06 16:21:29 - HikariPool-8 - Starting...
2025-01-06 16:21:29 - HikariPool-8 - Added connection com.mysql.cj.jdbc.ConnectionImpl@c84a1e9
2025-01-06 16:21:29 - HikariPool-8 - Start completed.
2025-01-06 16:21:30 - HHH000511: The 5.5.5 version for [org.hibernate.dialect.MySQLDialect] is no longer supported, hence certain features may not work properly. The minimum supported version is 8.0.0. Check the community dialects project for available legacy versions.
2025-01-06 16:21:30 - HHH10001005: Database info:
	Database JDBC URL [Connecting through datasource 'HikariDataSource (HikariPool-8)']
	Database driver: undefined/unknown
	Database version: 5.5.5
	Autocommit mode: undefined/unknown
	Isolation level: undefined/unknown
	Minimum pool size: undefined/unknown
	Maximum pool size: undefined/unknown
2025-01-06 16:21:30 - Starting ProtocolHandler ["http-nio-8080"]
2025-01-06 16:21:30 - Started TodoManagementSpringBootApplication in 0.676 seconds (process running for 1148.952)
2025-01-06 16:21:47 - Pausing ProtocolHandler ["http-nio-8080"]
2025-01-06 16:21:47 - Stopping ProtocolHandler ["http-nio-8080"]
2025-01-06 16:21:47 - HikariPool-8 - Shutdown initiated...
2025-01-06 16:21:47 - HikariPool-8 - Shutdown completed.
2025-01-06 16:21:47 - Starting TodoManagementSpringBootApplication using Java 17.0.10 with PID 8272 (D:\Development\SpringBoot\Project\todo-management-spring-boot\target\classes started by hbapp in D:\Development\SpringBoot\Project\todo-management-spring-boot)
2025-01-06 16:21:47 - No active profile set, falling back to 1 default profile: "default"
2025-01-06 16:21:47 - Initializing ProtocolHandler ["http-nio-8080"]
2025-01-06 16:21:47 - Starting service [Tomcat]
2025-01-06 16:21:47 - Starting Servlet engine: [Apache Tomcat/10.1.33]
2025-01-06 16:21:47 - Initializing Spring embedded WebApplicationContext
2025-01-06 16:21:47 - HHH000204: Processing PersistenceUnitInfo [name: default]
2025-01-06 16:21:47 - HHH000026: Second-level cache disabled
2025-01-06 16:21:47 - HikariPool-9 - Starting...
2025-01-06 16:21:47 - HikariPool-9 - Added connection com.mysql.cj.jdbc.ConnectionImpl@444d48aa
2025-01-06 16:21:47 - HikariPool-9 - Start completed.
2025-01-06 16:21:47 - HHH000511: The 5.5.5 version for [org.hibernate.dialect.MySQLDialect] is no longer supported, hence certain features may not work properly. The minimum supported version is 8.0.0. Check the community dialects project for available legacy versions.
2025-01-06 16:21:47 - HHH90000025: MySQLDialect does not need to be specified explicitly using 'hibernate.dialect' (remove the property setting and it will be selected by default)
2025-01-06 16:21:47 - HHH10001005: Database info:
	Database JDBC URL [Connecting through datasource 'HikariDataSource (HikariPool-9)']
	Database driver: undefined/unknown
	Database version: 5.5.5
	Autocommit mode: undefined/unknown
	Isolation level: undefined/unknown
	Minimum pool size: undefined/unknown
	Maximum pool size: undefined/unknown
2025-01-06 16:21:47 - Starting ProtocolHandler ["http-nio-8080"]
2025-01-06 16:21:47 - Started TodoManagementSpringBootApplication in 0.646 seconds (process running for 1166.434)
2025-01-06 16:22:37 - Pausing ProtocolHandler ["http-nio-8080"]
2025-01-06 16:22:37 - Stopping ProtocolHandler ["http-nio-8080"]
2025-01-06 16:22:37 - HikariPool-9 - Shutdown initiated...
2025-01-06 16:22:37 - HikariPool-9 - Shutdown completed.
2025-01-06 16:22:37 - Starting TodoManagementSpringBootApplication using Java 17.0.10 with PID 8272 (D:\Development\SpringBoot\Project\todo-management-spring-boot\target\classes started by hbapp in D:\Development\SpringBoot\Project\todo-management-spring-boot)
2025-01-06 16:22:37 - No active profile set, falling back to 1 default profile: "default"
2025-01-06 16:22:37 - Initializing ProtocolHandler ["http-nio-8080"]
2025-01-06 16:22:37 - Starting service [Tomcat]
2025-01-06 16:22:37 - Starting Servlet engine: [Apache Tomcat/10.1.33]
2025-01-06 16:22:37 - Initializing Spring embedded WebApplicationContext
2025-01-06 16:22:37 - HHH000204: Processing PersistenceUnitInfo [name: default]
2025-01-06 16:22:37 - HHH000026: Second-level cache disabled
2025-01-06 16:22:37 - HikariPool-10 - Starting...
2025-01-06 16:22:37 - HikariPool-10 - Added connection com.mysql.cj.jdbc.ConnectionImpl@1e4599d8
2025-01-06 16:22:37 - HikariPool-10 - Start completed.
2025-01-06 16:22:37 - HHH90000025: MySQL8Dialect does not need to be specified explicitly using 'hibernate.dialect' (remove the property setting and it will be selected by default)
2025-01-06 16:22:37 - HHH90000026: MySQL8Dialect has been deprecated; use org.hibernate.dialect.MySQLDialect instead
2025-01-06 16:22:37 - HHH10001005: Database info:
	Database JDBC URL [Connecting through datasource 'HikariDataSource (HikariPool-10)']
	Database driver: undefined/unknown
	Database version: 8.0
	Autocommit mode: undefined/unknown
	Isolation level: undefined/unknown
	Minimum pool size: undefined/unknown
	Maximum pool size: undefined/unknown
2025-01-06 16:22:38 - Starting ProtocolHandler ["http-nio-8080"]
2025-01-06 16:22:38 - Started TodoManagementSpringBootApplication in 0.703 seconds (process running for 1216.626)
2025-01-06 16:22:39 - Pausing ProtocolHandler ["http-nio-8080"]
2025-01-06 16:22:39 - Stopping ProtocolHandler ["http-nio-8080"]
2025-01-06 16:22:39 - HikariPool-10 - Shutdown initiated...
2025-01-06 16:22:39 - HikariPool-10 - Shutdown completed.
2025-01-06 16:22:39 - Starting TodoManagementSpringBootApplication using Java 17.0.10 with PID 8272 (D:\Development\SpringBoot\Project\todo-management-spring-boot\target\classes started by hbapp in D:\Development\SpringBoot\Project\todo-management-spring-boot)
2025-01-06 16:22:39 - No active profile set, falling back to 1 default profile: "default"
2025-01-06 16:22:39 - Initializing ProtocolHandler ["http-nio-8080"]
2025-01-06 16:22:39 - Starting service [Tomcat]
2025-01-06 16:22:39 - Starting Servlet engine: [Apache Tomcat/10.1.33]
2025-01-06 16:22:39 - Initializing Spring embedded WebApplicationContext
2025-01-06 16:22:39 - HHH000204: Processing PersistenceUnitInfo [name: default]
2025-01-06 16:22:39 - HHH000026: Second-level cache disabled
2025-01-06 16:22:39 - HikariPool-11 - Starting...
2025-01-06 16:22:39 - HikariPool-11 - Added connection com.mysql.cj.jdbc.ConnectionImpl@123a6cf
2025-01-06 16:22:39 - HikariPool-11 - Start completed.
2025-01-06 16:22:39 - HHH90000025: MySQL8Dialect does not need to be specified explicitly using 'hibernate.dialect' (remove the property setting and it will be selected by default)
2025-01-06 16:22:39 - HHH90000026: MySQL8Dialect has been deprecated; use org.hibernate.dialect.MySQLDialect instead
2025-01-06 16:22:39 - HHH10001005: Database info:
	Database JDBC URL [Connecting through datasource 'HikariDataSource (HikariPool-11)']
	Database driver: undefined/unknown
	Database version: 8.0
	Autocommit mode: undefined/unknown
	Isolation level: undefined/unknown
	Minimum pool size: undefined/unknown
	Maximum pool size: undefined/unknown
2025-01-06 16:22:40 - Starting ProtocolHandler ["http-nio-8080"]
2025-01-06 16:22:40 - Started TodoManagementSpringBootApplication in 0.633 seconds (process running for 1218.833)
2025-01-06 16:46:24 - Pausing ProtocolHandler ["http-nio-8080"]
2025-01-06 16:46:25 - Stopping ProtocolHandler ["http-nio-8080"]
2025-01-06 16:46:25 - HikariPool-11 - Shutdown initiated...
2025-01-06 16:46:25 - HikariPool-11 - Shutdown completed.
2025-01-06 16:46:25 - Starting TodoManagementSpringBootApplication using Java 17.0.10 with PID 8272 (D:\Development\SpringBoot\Project\todo-management-spring-boot\target\classes started by hbapp in D:\Development\SpringBoot\Project\todo-management-spring-boot)
2025-01-06 16:46:25 - No active profile set, falling back to 1 default profile: "default"
2025-01-06 16:46:25 - Initializing ProtocolHandler ["http-nio-8080"]
2025-01-06 16:46:25 - Starting service [Tomcat]
2025-01-06 16:46:25 - Starting Servlet engine: [Apache Tomcat/10.1.33]
2025-01-06 16:46:25 - Initializing Spring embedded WebApplicationContext
2025-01-06 16:46:25 - HHH000204: Processing PersistenceUnitInfo [name: default]
2025-01-06 16:46:25 - HHH000026: Second-level cache disabled
2025-01-06 16:46:25 - HikariPool-12 - Starting...
2025-01-06 16:46:25 - HikariPool-12 - Added connection com.mysql.cj.jdbc.ConnectionImpl@7f831fbd
2025-01-06 16:46:25 - HikariPool-12 - Start completed.
2025-01-06 16:46:25 - HHH000511: The 5.5.5 version for [org.hibernate.dialect.MySQLDialect] is no longer supported, hence certain features may not work properly. The minimum supported version is 8.0.0. Check the community dialects project for available legacy versions.
2025-01-06 16:46:25 - HHH10001005: Database info:
	Database JDBC URL [Connecting through datasource 'HikariDataSource (HikariPool-12)']
	Database driver: undefined/unknown
	Database version: 5.5.5
	Autocommit mode: undefined/unknown
	Isolation level: undefined/unknown
	Minimum pool size: undefined/unknown
	Maximum pool size: undefined/unknown
2025-01-06 16:46:25 - Starting ProtocolHandler ["http-nio-8080"]
2025-01-06 16:46:25 - Started TodoManagementSpringBootApplication in 0.768 seconds (process running for 2644.519)
2025-01-06 16:47:01 - Pausing ProtocolHandler ["http-nio-8080"]
2025-01-06 16:47:01 - Stopping ProtocolHandler ["http-nio-8080"]
2025-01-06 16:47:01 - HikariPool-12 - Shutdown initiated...
2025-01-06 16:47:01 - HikariPool-12 - Shutdown completed.
2025-01-06 16:47:01 - Starting TodoManagementSpringBootApplication using Java 17.0.10 with PID 8272 (D:\Development\SpringBoot\Project\todo-management-spring-boot\target\classes started by hbapp in D:\Development\SpringBoot\Project\todo-management-spring-boot)
2025-01-06 16:47:01 - No active profile set, falling back to 1 default profile: "default"
2025-01-06 16:47:01 - Initializing ProtocolHandler ["http-nio-8080"]
2025-01-06 16:47:01 - Starting service [Tomcat]
2025-01-06 16:47:01 - Starting Servlet engine: [Apache Tomcat/10.1.33]
2025-01-06 16:47:01 - Initializing Spring embedded WebApplicationContext
2025-01-06 16:47:01 - HHH000204: Processing PersistenceUnitInfo [name: default]
2025-01-06 16:47:01 - HHH000026: Second-level cache disabled
2025-01-06 16:47:01 - HikariPool-13 - Starting...
2025-01-06 16:47:01 - HikariPool-13 - Added connection com.mysql.cj.jdbc.ConnectionImpl@4d7d1ed
2025-01-06 16:47:01 - HikariPool-13 - Start completed.
2025-01-06 16:47:01 - HHH000511: The 5.5.5 version for [org.hibernate.dialect.MySQLDialect] is no longer supported, hence certain features may not work properly. The minimum supported version is 8.0.0. Check the community dialects project for available legacy versions.
2025-01-06 16:47:01 - HHH10001005: Database info:
	Database JDBC URL [Connecting through datasource 'HikariDataSource (HikariPool-13)']
	Database driver: undefined/unknown
	Database version: 5.5.5
	Autocommit mode: undefined/unknown
	Isolation level: undefined/unknown
	Minimum pool size: undefined/unknown
	Maximum pool size: undefined/unknown
2025-01-06 16:47:01 - HHH000489: No JTA platform available (set 'hibernate.transaction.jta.platform' to enable JTA platform integration)
2025-01-06 16:47:01 - Starting ProtocolHandler ["http-nio-8080"]
2025-01-06 16:47:01 - Started TodoManagementSpringBootApplication in 0.726 seconds (process running for 2680.488)
2025-01-06 16:47:03 - Pausing ProtocolHandler ["http-nio-8080"]
2025-01-06 16:47:03 - Stopping ProtocolHandler ["http-nio-8080"]
2025-01-06 16:47:03 - HikariPool-13 - Shutdown initiated...
2025-01-06 16:47:03 - HikariPool-13 - Shutdown completed.
2025-01-06 16:47:03 - Starting TodoManagementSpringBootApplication using Java 17.0.10 with PID 8272 (D:\Development\SpringBoot\Project\todo-management-spring-boot\target\classes started by hbapp in D:\Development\SpringBoot\Project\todo-management-spring-boot)
2025-01-06 16:47:03 - No active profile set, falling back to 1 default profile: "default"
2025-01-06 16:47:03 - Initializing ProtocolHandler ["http-nio-8080"]
2025-01-06 16:47:03 - Starting service [Tomcat]
2025-01-06 16:47:03 - Starting Servlet engine: [Apache Tomcat/10.1.33]
2025-01-06 16:47:03 - Initializing Spring embedded WebApplicationContext
2025-01-06 16:47:03 - HHH000204: Processing PersistenceUnitInfo [name: default]
2025-01-06 16:47:03 - HHH000026: Second-level cache disabled
2025-01-06 16:47:03 - HikariPool-14 - Starting...
2025-01-06 16:47:03 - HikariPool-14 - Added connection com.mysql.cj.jdbc.ConnectionImpl@20921681
2025-01-06 16:47:03 - HikariPool-14 - Start completed.
2025-01-06 16:47:03 - HHH000511: The 5.5.5 version for [org.hibernate.dialect.MySQLDialect] is no longer supported, hence certain features may not work properly. The minimum supported version is 8.0.0. Check the community dialects project for available legacy versions.
2025-01-06 16:47:03 - HHH10001005: Database info:
	Database JDBC URL [Connecting through datasource 'HikariDataSource (HikariPool-14)']
	Database driver: undefined/unknown
	Database version: 5.5.5
	Autocommit mode: undefined/unknown
	Isolation level: undefined/unknown
	Minimum pool size: undefined/unknown
	Maximum pool size: undefined/unknown
2025-01-06 16:47:03 - HHH000489: No JTA platform available (set 'hibernate.transaction.jta.platform' to enable JTA platform integration)
2025-01-06 16:47:04 - Starting ProtocolHandler ["http-nio-8080"]
2025-01-06 16:47:04 - Started TodoManagementSpringBootApplication in 0.618 seconds (process running for 2682.7)
2025-01-06 16:49:36 - Pausing ProtocolHandler ["http-nio-8080"]
2025-01-06 16:49:36 - Stopping ProtocolHandler ["http-nio-8080"]
2025-01-06 16:49:36 - HikariPool-14 - Shutdown initiated...
2025-01-06 16:49:36 - HikariPool-14 - Shutdown completed.
2025-01-06 16:49:36 - Starting TodoManagementSpringBootApplication using Java 17.0.10 with PID 8272 (D:\Development\SpringBoot\Project\todo-management-spring-boot\target\classes started by hbapp in D:\Development\SpringBoot\Project\todo-management-spring-boot)
2025-01-06 16:49:36 - No active profile set, falling back to 1 default profile: "default"
2025-01-06 16:49:36 - Initializing ProtocolHandler ["http-nio-8080"]
2025-01-06 16:49:36 - Starting service [Tomcat]
2025-01-06 16:49:36 - Starting Servlet engine: [Apache Tomcat/10.1.33]
2025-01-06 16:49:37 - Initializing Spring embedded WebApplicationContext
2025-01-06 16:49:37 - HHH000204: Processing PersistenceUnitInfo [name: default]
2025-01-06 16:49:37 - HHH000026: Second-level cache disabled
2025-01-06 16:49:37 - HikariPool-15 - Starting...
2025-01-06 16:49:37 - HikariPool-15 - Added connection com.mysql.cj.jdbc.ConnectionImpl@4b317816
2025-01-06 16:49:37 - HikariPool-15 - Start completed.
2025-01-06 16:49:37 - HHH000511: The 5.5.5 version for [org.hibernate.dialect.MySQLDialect] is no longer supported, hence certain features may not work properly. The minimum supported version is 8.0.0. Check the community dialects project for available legacy versions.
2025-01-06 16:49:37 - HHH10001005: Database info:
	Database JDBC URL [Connecting through datasource 'HikariDataSource (HikariPool-15)']
	Database driver: undefined/unknown
	Database version: 5.5.5
	Autocommit mode: undefined/unknown
	Isolation level: undefined/unknown
	Minimum pool size: undefined/unknown
	Maximum pool size: undefined/unknown
2025-01-06 16:49:37 - HHH000489: No JTA platform available (set 'hibernate.transaction.jta.platform' to enable JTA platform integration)
2025-01-06 16:49:37 - Starting ProtocolHandler ["http-nio-8080"]
2025-01-06 16:49:37 - Started TodoManagementSpringBootApplication in 0.679 seconds (process running for 2835.982)
2025-01-06 16:49:50 - Pausing ProtocolHandler ["http-nio-8080"]
2025-01-06 16:49:50 - Stopping ProtocolHandler ["http-nio-8080"]
2025-01-06 16:49:50 - HikariPool-15 - Shutdown initiated...
2025-01-06 16:49:50 - HikariPool-15 - Shutdown completed.
2025-01-06 16:49:50 - Starting TodoManagementSpringBootApplication using Java 17.0.10 with PID 8272 (D:\Development\SpringBoot\Project\todo-management-spring-boot\target\classes started by hbapp in D:\Development\SpringBoot\Project\todo-management-spring-boot)
2025-01-06 16:49:50 - No active profile set, falling back to 1 default profile: "default"
2025-01-06 16:49:50 - Initializing ProtocolHandler ["http-nio-8080"]
2025-01-06 16:49:50 - Starting service [Tomcat]
2025-01-06 16:49:50 - Starting Servlet engine: [Apache Tomcat/10.1.33]
2025-01-06 16:49:50 - Initializing Spring embedded WebApplicationContext
2025-01-06 16:49:50 - HHH000204: Processing PersistenceUnitInfo [name: default]
2025-01-06 16:49:50 - HHH000026: Second-level cache disabled
2025-01-06 16:49:50 - HikariPool-16 - Starting...
2025-01-06 16:49:50 - HikariPool-16 - Added connection com.mysql.cj.jdbc.ConnectionImpl@4e2a21bb
2025-01-06 16:49:50 - HikariPool-16 - Start completed.
2025-01-06 16:49:50 - HHH000511: The 5.5.5 version for [org.hibernate.dialect.MySQLDialect] is no longer supported, hence certain features may not work properly. The minimum supported version is 8.0.0. Check the community dialects project for available legacy versions.
2025-01-06 16:49:50 - HHH10001005: Database info:
	Database JDBC URL [Connecting through datasource 'HikariDataSource (HikariPool-16)']
	Database driver: undefined/unknown
	Database version: 5.5.5
	Autocommit mode: undefined/unknown
	Isolation level: undefined/unknown
	Minimum pool size: undefined/unknown
	Maximum pool size: undefined/unknown
2025-01-06 16:49:50 - HHH000489: No JTA platform available (set 'hibernate.transaction.jta.platform' to enable JTA platform integration)
2025-01-06 16:49:50 - Starting ProtocolHandler ["http-nio-8080"]
2025-01-06 16:49:50 - Started TodoManagementSpringBootApplication in 0.625 seconds (process running for 2849.404)
2025-01-06 16:49:52 - Pausing ProtocolHandler ["http-nio-8080"]
2025-01-06 16:49:52 - Stopping ProtocolHandler ["http-nio-8080"]
2025-01-06 16:49:52 - HikariPool-16 - Shutdown initiated...
2025-01-06 16:49:52 - HikariPool-16 - Shutdown completed.
2025-01-06 16:49:52 - Starting TodoManagementSpringBootApplication using Java 17.0.10 with PID 8272 (D:\Development\SpringBoot\Project\todo-management-spring-boot\target\classes started by hbapp in D:\Development\SpringBoot\Project\todo-management-spring-boot)
2025-01-06 16:49:52 - No active profile set, falling back to 1 default profile: "default"
2025-01-06 16:49:52 - Initializing ProtocolHandler ["http-nio-8080"]
2025-01-06 16:49:52 - Starting service [Tomcat]
2025-01-06 16:49:52 - Starting Servlet engine: [Apache Tomcat/10.1.33]
2025-01-06 16:49:52 - Initializing Spring embedded WebApplicationContext
2025-01-06 16:49:52 - HHH000204: Processing PersistenceUnitInfo [name: default]
2025-01-06 16:49:52 - HHH000026: Second-level cache disabled
2025-01-06 16:49:52 - HikariPool-17 - Starting...
2025-01-06 16:49:52 - HikariPool-17 - Added connection com.mysql.cj.jdbc.ConnectionImpl@870059
2025-01-06 16:49:52 - HikariPool-17 - Start completed.
2025-01-06 16:49:52 - HHH000511: The 5.5.5 version for [org.hibernate.dialect.MySQLDialect] is no longer supported, hence certain features may not work properly. The minimum supported version is 8.0.0. Check the community dialects project for available legacy versions.
2025-01-06 16:49:52 - HHH10001005: Database info:
	Database JDBC URL [Connecting through datasource 'HikariDataSource (HikariPool-17)']
	Database driver: undefined/unknown
	Database version: 5.5.5
	Autocommit mode: undefined/unknown
	Isolation level: undefined/unknown
	Minimum pool size: undefined/unknown
	Maximum pool size: undefined/unknown
2025-01-06 16:49:52 - HHH000489: No JTA platform available (set 'hibernate.transaction.jta.platform' to enable JTA platform integration)
2025-01-06 16:49:52 - Starting ProtocolHandler ["http-nio-8080"]
2025-01-06 16:49:52 - Started TodoManagementSpringBootApplication in 0.588 seconds (process running for 2851.556)
2025-01-06 16:50:13 - Pausing ProtocolHandler ["http-nio-8080"]
2025-01-06 16:50:13 - Stopping ProtocolHandler ["http-nio-8080"]
2025-01-06 16:50:13 - HikariPool-17 - Shutdown initiated...
2025-01-06 16:50:13 - HikariPool-17 - Shutdown completed.
2025-01-06 16:50:13 - Starting TodoManagementSpringBootApplication using Java 17.0.10 with PID 8272 (D:\Development\SpringBoot\Project\todo-management-spring-boot\target\classes started by hbapp in D:\Development\SpringBoot\Project\todo-management-spring-boot)
2025-01-06 16:50:13 - No active profile set, falling back to 1 default profile: "default"
2025-01-06 16:50:14 - Initializing ProtocolHandler ["http-nio-8080"]
2025-01-06 16:50:14 - Starting service [Tomcat]
2025-01-06 16:50:14 - Starting Servlet engine: [Apache Tomcat/10.1.33]
2025-01-06 16:50:14 - Initializing Spring embedded WebApplicationContext
2025-01-06 16:50:14 - HHH000204: Processing PersistenceUnitInfo [name: default]
2025-01-06 16:50:14 - HHH000026: Second-level cache disabled
2025-01-06 16:50:14 - HikariPool-18 - Starting...
2025-01-06 16:50:14 - HikariPool-18 - Added connection com.mysql.cj.jdbc.ConnectionImpl@31cff066
2025-01-06 16:50:14 - HikariPool-18 - Start completed.
2025-01-06 16:50:14 - HHH000511: The 5.5.5 version for [org.hibernate.dialect.MySQLDialect] is no longer supported, hence certain features may not work properly. The minimum supported version is 8.0.0. Check the community dialects project for available legacy versions.
2025-01-06 16:50:14 - HHH10001005: Database info:
	Database JDBC URL [Connecting through datasource 'HikariDataSource (HikariPool-18)']
	Database driver: undefined/unknown
	Database version: 5.5.5
	Autocommit mode: undefined/unknown
	Isolation level: undefined/unknown
	Minimum pool size: undefined/unknown
	Maximum pool size: undefined/unknown
2025-01-06 16:50:14 - HHH000489: No JTA platform available (set 'hibernate.transaction.jta.platform' to enable JTA platform integration)
2025-01-06 16:50:14 - Starting ProtocolHandler ["http-nio-8080"]
2025-01-06 16:50:14 - Started TodoManagementSpringBootApplication in 0.604 seconds (process running for 2873.133)
2025-01-06 16:50:15 - Pausing ProtocolHandler ["http-nio-8080"]
2025-01-06 16:50:16 - Stopping ProtocolHandler ["http-nio-8080"]
2025-01-06 16:50:16 - HikariPool-18 - Shutdown initiated...
2025-01-06 16:50:16 - HikariPool-18 - Shutdown completed.
2025-01-06 16:50:16 - Starting TodoManagementSpringBootApplication using Java 17.0.10 with PID 8272 (D:\Development\SpringBoot\Project\todo-management-spring-boot\target\classes started by hbapp in D:\Development\SpringBoot\Project\todo-management-spring-boot)
2025-01-06 16:50:16 - No active profile set, falling back to 1 default profile: "default"
2025-01-06 16:50:16 - Initializing ProtocolHandler ["http-nio-8080"]
2025-01-06 16:50:16 - Starting service [Tomcat]
2025-01-06 16:50:16 - Starting Servlet engine: [Apache Tomcat/10.1.33]
2025-01-06 16:50:16 - Initializing Spring embedded WebApplicationContext
2025-01-06 16:50:16 - HHH000204: Processing PersistenceUnitInfo [name: default]
2025-01-06 16:50:16 - HHH000026: Second-level cache disabled
2025-01-06 16:50:16 - HikariPool-19 - Starting...
2025-01-06 16:50:16 - HikariPool-19 - Added connection com.mysql.cj.jdbc.ConnectionImpl@19b3ebb1
2025-01-06 16:50:16 - HikariPool-19 - Start completed.
2025-01-06 16:50:16 - HHH000511: The 5.5.5 version for [org.hibernate.dialect.MySQLDialect] is no longer supported, hence certain features may not work properly. The minimum supported version is 8.0.0. Check the community dialects project for available legacy versions.
2025-01-06 16:50:16 - HHH10001005: Database info:
	Database JDBC URL [Connecting through datasource 'HikariDataSource (HikariPool-19)']
	Database driver: undefined/unknown
	Database version: 5.5.5
	Autocommit mode: undefined/unknown
	Isolation level: undefined/unknown
	Minimum pool size: undefined/unknown
	Maximum pool size: undefined/unknown
2025-01-06 16:50:16 - HHH000489: No JTA platform available (set 'hibernate.transaction.jta.platform' to enable JTA platform integration)
2025-01-06 16:50:16 - Starting ProtocolHandler ["http-nio-8080"]
2025-01-06 16:50:16 - Started TodoManagementSpringBootApplication in 0.648 seconds (process running for 2875.4)
2025-01-06 16:50:23 - Pausing ProtocolHandler ["http-nio-8080"]
2025-01-06 16:50:23 - Stopping ProtocolHandler ["http-nio-8080"]
2025-01-06 16:50:23 - HikariPool-19 - Shutdown initiated...
2025-01-06 16:50:23 - HikariPool-19 - Shutdown completed.
2025-01-06 16:50:23 - Starting TodoManagementSpringBootApplication using Java 17.0.10 with PID 8272 (D:\Development\SpringBoot\Project\todo-management-spring-boot\target\classes started by hbapp in D:\Development\SpringBoot\Project\todo-management-spring-boot)
2025-01-06 16:50:23 - No active profile set, falling back to 1 default profile: "default"
2025-01-06 16:50:23 - Initializing ProtocolHandler ["http-nio-8080"]
2025-01-06 16:50:23 - Starting service [Tomcat]
2025-01-06 16:50:23 - Starting Servlet engine: [Apache Tomcat/10.1.33]
2025-01-06 16:50:23 - Initializing Spring embedded WebApplicationContext
2025-01-06 16:50:23 - HHH000204: Processing PersistenceUnitInfo [name: default]
2025-01-06 16:50:23 - HHH000026: Second-level cache disabled
2025-01-06 16:50:23 - HikariPool-20 - Starting...
2025-01-06 16:50:23 - HikariPool-20 - Added connection com.mysql.cj.jdbc.ConnectionImpl@dc6a3e
2025-01-06 16:50:23 - HikariPool-20 - Start completed.
2025-01-06 16:50:23 - HHH000511: The 5.5.5 version for [org.hibernate.dialect.MySQLDialect] is no longer supported, hence certain features may not work properly. The minimum supported version is 8.0.0. Check the community dialects project for available legacy versions.
2025-01-06 16:50:23 - HHH10001005: Database info:
	Database JDBC URL [Connecting through datasource 'HikariDataSource (HikariPool-20)']
	Database driver: undefined/unknown
	Database version: 5.5.5
	Autocommit mode: undefined/unknown
	Isolation level: undefined/unknown
	Minimum pool size: undefined/unknown
	Maximum pool size: undefined/unknown
2025-01-06 16:50:23 - HHH000489: No JTA platform available (set 'hibernate.transaction.jta.platform' to enable JTA platform integration)
2025-01-06 16:50:24 - Starting ProtocolHandler ["http-nio-8080"]
2025-01-06 16:50:24 - Started TodoManagementSpringBootApplication in 0.604 seconds (process running for 2882.686)
2025-01-06 16:50:28 - Pausing ProtocolHandler ["http-nio-8080"]
2025-01-06 16:50:28 - Stopping ProtocolHandler ["http-nio-8080"]
2025-01-06 16:50:28 - HikariPool-20 - Shutdown initiated...
2025-01-06 16:50:28 - HikariPool-20 - Shutdown completed.
2025-01-06 16:50:28 - Starting TodoManagementSpringBootApplication using Java 17.0.10 with PID 8272 (D:\Development\SpringBoot\Project\todo-management-spring-boot\target\classes started by hbapp in D:\Development\SpringBoot\Project\todo-management-spring-boot)
2025-01-06 16:50:28 - No active profile set, falling back to 1 default profile: "default"
2025-01-06 16:50:28 - Initializing ProtocolHandler ["http-nio-8080"]
2025-01-06 16:50:28 - Starting service [Tomcat]
2025-01-06 16:50:28 - Starting Servlet engine: [Apache Tomcat/10.1.33]
2025-01-06 16:50:29 - Initializing Spring embedded WebApplicationContext
2025-01-06 16:50:29 - HHH000204: Processing PersistenceUnitInfo [name: default]
2025-01-06 16:50:29 - HHH000026: Second-level cache disabled
2025-01-06 16:50:29 - HikariPool-21 - Starting...
2025-01-06 16:50:29 - HikariPool-21 - Added connection com.mysql.cj.jdbc.ConnectionImpl@13c2bfdf
2025-01-06 16:50:29 - HikariPool-21 - Start completed.
2025-01-06 16:50:29 - HHH000511: The 5.5.5 version for [org.hibernate.dialect.MySQLDialect] is no longer supported, hence certain features may not work properly. The minimum supported version is 8.0.0. Check the community dialects project for available legacy versions.
2025-01-06 16:50:29 - HHH10001005: Database info:
	Database JDBC URL [Connecting through datasource 'HikariDataSource (HikariPool-21)']
	Database driver: undefined/unknown
	Database version: 5.5.5
	Autocommit mode: undefined/unknown
	Isolation level: undefined/unknown
	Minimum pool size: undefined/unknown
	Maximum pool size: undefined/unknown
2025-01-06 16:50:29 - HHH000489: No JTA platform available (set 'hibernate.transaction.jta.platform' to enable JTA platform integration)
2025-01-06 16:50:29 - Starting ProtocolHandler ["http-nio-8080"]
2025-01-06 16:50:29 - Started TodoManagementSpringBootApplication in 0.587 seconds (process running for 2887.958)
2025-01-06 16:50:31 - Pausing ProtocolHandler ["http-nio-8080"]
2025-01-06 16:50:31 - Stopping ProtocolHandler ["http-nio-8080"]
2025-01-06 16:50:31 - HikariPool-21 - Shutdown initiated...
2025-01-06 16:50:31 - HikariPool-21 - Shutdown completed.
2025-01-06 16:50:32 - Starting TodoManagementSpringBootApplication using Java 17.0.10 with PID 8272 (D:\Development\SpringBoot\Project\todo-management-spring-boot\target\classes started by hbapp in D:\Development\SpringBoot\Project\todo-management-spring-boot)
2025-01-06 16:50:32 - No active profile set, falling back to 1 default profile: "default"
2025-01-06 16:50:32 - Initializing ProtocolHandler ["http-nio-8080"]
2025-01-06 16:50:32 - Starting service [Tomcat]
2025-01-06 16:50:32 - Starting Servlet engine: [Apache Tomcat/10.1.33]
2025-01-06 16:50:32 - Initializing Spring embedded WebApplicationContext
2025-01-06 16:50:32 - HHH000204: Processing PersistenceUnitInfo [name: default]
2025-01-06 16:50:32 - HHH000026: Second-level cache disabled
2025-01-06 16:50:32 - HikariPool-22 - Starting...
2025-01-06 16:50:32 - HikariPool-22 - Added connection com.mysql.cj.jdbc.ConnectionImpl@7b2b4ebd
2025-01-06 16:50:32 - HikariPool-22 - Start completed.
2025-01-06 16:50:32 - HHH000511: The 5.5.5 version for [org.hibernate.dialect.MySQLDialect] is no longer supported, hence certain features may not work properly. The minimum supported version is 8.0.0. Check the community dialects project for available legacy versions.
2025-01-06 16:50:32 - HHH10001005: Database info:
	Database JDBC URL [Connecting through datasource 'HikariDataSource (HikariPool-22)']
	Database driver: undefined/unknown
	Database version: 5.5.5
	Autocommit mode: undefined/unknown
	Isolation level: undefined/unknown
	Minimum pool size: undefined/unknown
	Maximum pool size: undefined/unknown
2025-01-06 16:50:32 - HHH000489: No JTA platform available (set 'hibernate.transaction.jta.platform' to enable JTA platform integration)
2025-01-06 16:50:32 - Starting ProtocolHandler ["http-nio-8080"]
2025-01-06 16:50:32 - Started TodoManagementSpringBootApplication in 0.629 seconds (process running for 2891.244)
2025-01-06 16:50:40 - Pausing ProtocolHandler ["http-nio-8080"]
2025-01-06 16:50:40 - Stopping ProtocolHandler ["http-nio-8080"]
2025-01-06 16:50:40 - HikariPool-22 - Shutdown initiated...
2025-01-06 16:50:40 - HikariPool-22 - Shutdown completed.
2025-01-06 16:50:40 - Starting TodoManagementSpringBootApplication using Java 17.0.10 with PID 8272 (D:\Development\SpringBoot\Project\todo-management-spring-boot\target\classes started by hbapp in D:\Development\SpringBoot\Project\todo-management-spring-boot)
2025-01-06 16:50:40 - No active profile set, falling back to 1 default profile: "default"
2025-01-06 16:50:40 - Initializing ProtocolHandler ["http-nio-8080"]
2025-01-06 16:50:40 - Starting service [Tomcat]
2025-01-06 16:50:40 - Starting Servlet engine: [Apache Tomcat/10.1.33]
2025-01-06 16:50:40 - Initializing Spring embedded WebApplicationContext
2025-01-06 16:50:40 - HHH000204: Processing PersistenceUnitInfo [name: default]
2025-01-06 16:50:40 - HHH000026: Second-level cache disabled
2025-01-06 16:50:40 - HikariPool-23 - Starting...
2025-01-06 16:50:40 - HikariPool-23 - Added connection com.mysql.cj.jdbc.ConnectionImpl@509e2023
2025-01-06 16:50:40 - HikariPool-23 - Start completed.
2025-01-06 16:50:40 - HHH000511: The 5.5.5 version for [org.hibernate.dialect.MySQLDialect] is no longer supported, hence certain features may not work properly. The minimum supported version is 8.0.0. Check the community dialects project for available legacy versions.
2025-01-06 16:50:40 - HHH10001005: Database info:
	Database JDBC URL [Connecting through datasource 'HikariDataSource (HikariPool-23)']
	Database driver: undefined/unknown
	Database version: 5.5.5
	Autocommit mode: undefined/unknown
	Isolation level: undefined/unknown
	Minimum pool size: undefined/unknown
	Maximum pool size: undefined/unknown
2025-01-06 16:50:40 - HHH000489: No JTA platform available (set 'hibernate.transaction.jta.platform' to enable JTA platform integration)
2025-01-06 16:50:40 - Starting ProtocolHandler ["http-nio-8080"]
2025-01-06 16:50:40 - Started TodoManagementSpringBootApplication in 0.587 seconds (process running for 2899.523)
2025-01-06 16:50:43 - Pausing ProtocolHandler ["http-nio-8080"]
2025-01-06 16:50:43 - Stopping ProtocolHandler ["http-nio-8080"]
2025-01-06 16:50:43 - HikariPool-23 - Shutdown initiated...
2025-01-06 16:50:43 - HikariPool-23 - Shutdown completed.
2025-01-06 16:50:43 - Starting TodoManagementSpringBootApplication using Java 17.0.10 with PID 8272 (D:\Development\SpringBoot\Project\todo-management-spring-boot\target\classes started by hbapp in D:\Development\SpringBoot\Project\todo-management-spring-boot)
2025-01-06 16:50:43 - No active profile set, falling back to 1 default profile: "default"
2025-01-06 16:50:43 - Initializing ProtocolHandler ["http-nio-8080"]
2025-01-06 16:50:43 - Starting service [Tomcat]
2025-01-06 16:50:43 - Starting Servlet engine: [Apache Tomcat/10.1.33]
2025-01-06 16:50:43 - Initializing Spring embedded WebApplicationContext
2025-01-06 16:50:43 - HHH000204: Processing PersistenceUnitInfo [name: default]
2025-01-06 16:50:43 - HHH000026: Second-level cache disabled
2025-01-06 16:50:43 - HikariPool-24 - Starting...
2025-01-06 16:50:43 - HikariPool-24 - Added connection com.mysql.cj.jdbc.ConnectionImpl@22237bcb
2025-01-06 16:50:43 - HikariPool-24 - Start completed.
2025-01-06 16:50:43 - HHH000511: The 5.5.5 version for [org.hibernate.dialect.MySQLDialect] is no longer supported, hence certain features may not work properly. The minimum supported version is 8.0.0. Check the community dialects project for available legacy versions.
2025-01-06 16:50:43 - HHH10001005: Database info:
	Database JDBC URL [Connecting through datasource 'HikariDataSource (HikariPool-24)']
	Database driver: undefined/unknown
	Database version: 5.5.5
	Autocommit mode: undefined/unknown
	Isolation level: undefined/unknown
	Minimum pool size: undefined/unknown
	Maximum pool size: undefined/unknown
2025-01-06 16:50:43 - HHH000489: No JTA platform available (set 'hibernate.transaction.jta.platform' to enable JTA platform integration)
2025-01-06 16:50:44 - Starting ProtocolHandler ["http-nio-8080"]
2025-01-06 16:50:44 - Started TodoManagementSpringBootApplication in 0.585 seconds (process running for 2902.725)
2025-01-06 16:50:51 - Pausing ProtocolHandler ["http-nio-8080"]
2025-01-06 16:50:51 - Stopping ProtocolHandler ["http-nio-8080"]
2025-01-06 16:50:51 - HikariPool-24 - Shutdown initiated...
2025-01-06 16:50:51 - HikariPool-24 - Shutdown completed.
2025-01-06 16:50:51 - Starting TodoManagementSpringBootApplication using Java 17.0.10 with PID 8272 (D:\Development\SpringBoot\Project\todo-management-spring-boot\target\classes started by hbapp in D:\Development\SpringBoot\Project\todo-management-spring-boot)
2025-01-06 16:50:51 - No active profile set, falling back to 1 default profile: "default"
2025-01-06 16:50:52 - Initializing ProtocolHandler ["http-nio-8080"]
2025-01-06 16:50:52 - Starting service [Tomcat]
2025-01-06 16:50:52 - Starting Servlet engine: [Apache Tomcat/10.1.33]
2025-01-06 16:50:52 - Initializing Spring embedded WebApplicationContext
2025-01-06 16:50:52 - HHH000204: Processing PersistenceUnitInfo [name: default]
2025-01-06 16:50:52 - HHH000026: Second-level cache disabled
2025-01-06 16:50:52 - HikariPool-25 - Starting...
2025-01-06 16:50:52 - HikariPool-25 - Added connection com.mysql.cj.jdbc.ConnectionImpl@421a2547
2025-01-06 16:50:52 - HikariPool-25 - Start completed.
2025-01-06 16:50:52 - HHH000511: The 5.5.5 version for [org.hibernate.dialect.MySQLDialect] is no longer supported, hence certain features may not work properly. The minimum supported version is 8.0.0. Check the community dialects project for available legacy versions.
2025-01-06 16:50:52 - HHH10001005: Database info:
	Database JDBC URL [Connecting through datasource 'HikariDataSource (HikariPool-25)']
	Database driver: undefined/unknown
	Database version: 5.5.5
	Autocommit mode: undefined/unknown
	Isolation level: undefined/unknown
	Minimum pool size: undefined/unknown
	Maximum pool size: undefined/unknown
2025-01-06 16:50:52 - HHH000489: No JTA platform available (set 'hibernate.transaction.jta.platform' to enable JTA platform integration)
2025-01-06 16:50:52 - Starting ProtocolHandler ["http-nio-8080"]
2025-01-06 16:50:52 - Started TodoManagementSpringBootApplication in 0.631 seconds (process running for 2911.085)
2025-01-06 16:51:25 - Pausing ProtocolHandler ["http-nio-8080"]
2025-01-06 16:51:25 - Stopping ProtocolHandler ["http-nio-8080"]
2025-01-06 16:51:25 - HikariPool-25 - Shutdown initiated...
2025-01-06 16:51:25 - HikariPool-25 - Shutdown completed.
2025-01-06 16:51:25 - Starting TodoManagementSpringBootApplication using Java 17.0.10 with PID 8272 (D:\Development\SpringBoot\Project\todo-management-spring-boot\target\classes started by hbapp in D:\Development\SpringBoot\Project\todo-management-spring-boot)
2025-01-06 16:51:25 - No active profile set, falling back to 1 default profile: "default"
2025-01-06 16:51:25 - Initializing ProtocolHandler ["http-nio-8080"]
2025-01-06 16:51:25 - Starting service [Tomcat]
2025-01-06 16:51:25 - Starting Servlet engine: [Apache Tomcat/10.1.33]
2025-01-06 16:51:25 - Initializing Spring embedded WebApplicationContext
2025-01-06 16:51:25 - HHH000204: Processing PersistenceUnitInfo [name: default]
2025-01-06 16:51:25 - HHH000026: Second-level cache disabled
2025-01-06 16:51:25 - HikariPool-26 - Starting...
2025-01-06 16:51:25 - HikariPool-26 - Added connection com.mysql.cj.jdbc.ConnectionImpl@2859d09d
2025-01-06 16:51:25 - HikariPool-26 - Start completed.
2025-01-06 16:51:25 - HHH000511: The 5.5.5 version for [org.hibernate.dialect.MySQLDialect] is no longer supported, hence certain features may not work properly. The minimum supported version is 8.0.0. Check the community dialects project for available legacy versions.
2025-01-06 16:51:25 - HHH10001005: Database info:
	Database JDBC URL [Connecting through datasource 'HikariDataSource (HikariPool-26)']
	Database driver: undefined/unknown
	Database version: 5.5.5
	Autocommit mode: undefined/unknown
	Isolation level: undefined/unknown
	Minimum pool size: undefined/unknown
	Maximum pool size: undefined/unknown
2025-01-06 16:51:25 - HHH000489: No JTA platform available (set 'hibernate.transaction.jta.platform' to enable JTA platform integration)
2025-01-06 16:51:26 - Starting ProtocolHandler ["http-nio-8080"]
2025-01-06 16:51:26 - Started TodoManagementSpringBootApplication in 0.608 seconds (process running for 2944.848)
2025-01-06 16:51:29 - Pausing ProtocolHandler ["http-nio-8080"]
2025-01-06 16:51:29 - Stopping ProtocolHandler ["http-nio-8080"]
2025-01-06 16:51:29 - HikariPool-26 - Shutdown initiated...
2025-01-06 16:51:29 - HikariPool-26 - Shutdown completed.
2025-01-06 16:51:29 - Starting TodoManagementSpringBootApplication using Java 17.0.10 with PID 8272 (D:\Development\SpringBoot\Project\todo-management-spring-boot\target\classes started by hbapp in D:\Development\SpringBoot\Project\todo-management-spring-boot)
2025-01-06 16:51:29 - No active profile set, falling back to 1 default profile: "default"
2025-01-06 16:51:30 - Initializing ProtocolHandler ["http-nio-8080"]
2025-01-06 16:51:30 - Starting service [Tomcat]
2025-01-06 16:51:30 - Starting Servlet engine: [Apache Tomcat/10.1.33]
2025-01-06 16:51:30 - Initializing Spring embedded WebApplicationContext
2025-01-06 16:51:30 - HHH000204: Processing PersistenceUnitInfo [name: default]
2025-01-06 16:51:30 - HHH000026: Second-level cache disabled
2025-01-06 16:51:30 - HikariPool-27 - Starting...
2025-01-06 16:51:30 - HikariPool-27 - Added connection com.mysql.cj.jdbc.ConnectionImpl@685b3f65
2025-01-06 16:51:30 - HikariPool-27 - Start completed.
2025-01-06 16:51:30 - HHH000511: The 5.5.5 version for [org.hibernate.dialect.MySQLDialect] is no longer supported, hence certain features may not work properly. The minimum supported version is 8.0.0. Check the community dialects project for available legacy versions.
2025-01-06 16:51:30 - HHH10001005: Database info:
	Database JDBC URL [Connecting through datasource 'HikariDataSource (HikariPool-27)']
	Database driver: undefined/unknown
	Database version: 5.5.5
	Autocommit mode: undefined/unknown
	Isolation level: undefined/unknown
	Minimum pool size: undefined/unknown
	Maximum pool size: undefined/unknown
2025-01-06 16:51:30 - HHH000489: No JTA platform available (set 'hibernate.transaction.jta.platform' to enable JTA platform integration)
2025-01-06 16:51:30 - Starting ProtocolHandler ["http-nio-8080"]
2025-01-06 16:51:30 - Started TodoManagementSpringBootApplication in 0.629 seconds (process running for 2949.144)
2025-01-06 16:51:34 - Pausing ProtocolHandler ["http-nio-8080"]
2025-01-06 16:51:34 - Stopping ProtocolHandler ["http-nio-8080"]
2025-01-06 16:51:34 - HikariPool-27 - Shutdown initiated...
2025-01-06 16:51:34 - HikariPool-27 - Shutdown completed.
2025-01-06 16:51:34 - Starting TodoManagementSpringBootApplication using Java 17.0.10 with PID 8272 (D:\Development\SpringBoot\Project\todo-management-spring-boot\target\classes started by hbapp in D:\Development\SpringBoot\Project\todo-management-spring-boot)
2025-01-06 16:51:34 - No active profile set, falling back to 1 default profile: "default"
2025-01-06 16:51:34 - Initializing ProtocolHandler ["http-nio-8080"]
2025-01-06 16:51:34 - Starting service [Tomcat]
2025-01-06 16:51:34 - Starting Servlet engine: [Apache Tomcat/10.1.33]
2025-01-06 16:51:34 - Initializing Spring embedded WebApplicationContext
2025-01-06 16:51:34 - HHH000204: Processing PersistenceUnitInfo [name: default]
2025-01-06 16:51:34 - HHH000026: Second-level cache disabled
2025-01-06 16:51:34 - HikariPool-28 - Starting...
2025-01-06 16:51:34 - HikariPool-28 - Added connection com.mysql.cj.jdbc.ConnectionImpl@7611d29
2025-01-06 16:51:34 - HikariPool-28 - Start completed.
2025-01-06 16:51:34 - HHH000511: The 5.5.5 version for [org.hibernate.dialect.MySQLDialect] is no longer supported, hence certain features may not work properly. The minimum supported version is 8.0.0. Check the community dialects project for available legacy versions.
2025-01-06 16:51:34 - HHH10001005: Database info:
	Database JDBC URL [Connecting through datasource 'HikariDataSource (HikariPool-28)']
	Database driver: undefined/unknown
	Database version: 5.5.5
	Autocommit mode: undefined/unknown
	Isolation level: undefined/unknown
	Minimum pool size: undefined/unknown
	Maximum pool size: undefined/unknown
2025-01-06 16:51:34 - HHH000489: No JTA platform available (set 'hibernate.transaction.jta.platform' to enable JTA platform integration)
2025-01-06 16:51:34 - Starting ProtocolHandler ["http-nio-8080"]
2025-01-06 16:51:34 - Started TodoManagementSpringBootApplication in 0.611 seconds (process running for 2953.394)
